1+2
3
3*4
12
console.log(111)
VM115:1 111
undefined
 ('hello' + ' ' + "всем").length
10
 7/2
3.5
 1/0
Infinity
Infinity - Infinity
NaN
-NaN
NaN
NaN == NaN
false
NaN === NaN
false
var a
console.log(a == null)
VM464:2 true
undefined
var a = null
console.log(a == null)
VM479:2 true
undefined
var object = {}
undefined
var object2 = {field:100}
undefined
var object3 = {
                field1:100,
                method: function(){
                    this.field1 = 101 
                }
              }
undefined
{}
{}[[Prototype]]: Objectconstructor: ƒ Object()hasOwnProperty: ƒ hasOwnProperty()isPrototypeOf: ƒ isPrototypeOf()propertyIsEnumerable: ƒ propertyIsEnumerable()toLocaleString: ƒ toLocaleString()toString: ƒ toString()valueOf: ƒ valueOf()__defineGetter__: ƒ __defineGetter__()__defineSetter__: ƒ __defineSetter__()__lookupGetter__: ƒ __lookupGetter__()__lookupSetter__: ƒ __lookupSetter__()__proto__: (...)get __proto__: ƒ __proto__()set __proto__: ƒ __proto__()
({}).toString()
'[object Object]'
