v = 500
500
v = 550
console.log(v)
console.log(window.v)
console.log(window.document === document)
VM1714:2 550
VM1714:3 550
VM1714:4 true
undefined
document
#document (chrome://version/)<!DOCTYPE html><!--
about:version template page
--><html id=​"t" dir=​"ltr" lang=​"ru">​<head>​<meta charset=​"utf-8">​<meta name=​"color-scheme" content=​"light dark">​<title>​Сведения о версии​</title>​<base href=​"chrome:​/​/​version">​<link rel=​"icon" type=​"image/​png" sizes=​"32x32" href=​"chrome:​/​/​theme/​current-channel-logo">​<link rel=​"stylesheet" href=​"chrome:​/​/​resources/​css/​text_defaults.css">​<link rel=​"stylesheet" href=​"chrome:​/​/​version/​about_version.css">​<script type=​"module" src=​"about_version.js">​</script>​</head>​<body>​…​</body>​<div id=​"outer">​…​</div>​<div id=​"messages" role=​"alert" aria-live=​"polite" aria-relevant=​"additions">​ ​</div>​</body>​</html>​
 let l
undefined
l = 200
200
l
200
window.l
undefined
